生成启动时间为 2018/5/4 18:08:29。
     1>项目“E:\C程序\PushStreamTool\PushStreamTool\PushStreamTool.vcxproj”在节点 2 上(Build 个目标)。
     1>ClCompile:
         E:\Microsoft Visual Studio 11.0\VC\bin\CL.exe /c /ZI /nologo /W3 /WX- /sdl /Od /Oy- /D WIN32 /D _WINDOWS /D _DEBUG /D _UNICODE /D UNICODE /D _AFXDLL /Gm /EHsc /RTC1 /MDd /GS /fp:precise /Zc:wchar_t /Zc:forScope /Yc"stdafx.h" /Fp"Debug\PushStreamTool.pch" /Fo"Debug\\" /Fd"Debug\vc110.pdb" /Gd /TP /analyze- /errorReport:prompt stdafx.cpp
         stdafx.cpp
         E:\Microsoft Visual Studio 11.0\VC\bin\CL.exe /c /ZI /nologo /W3 /WX- /sdl /Od /Oy- /D WIN32 /D _WINDOWS /D _DEBUG /D _UNICODE /D UNICODE /D _AFXDLL /Gm /EHsc /RTC1 /MDd /GS /fp:precise /Zc:wchar_t /Zc:forScope /Yu"stdafx.h" /Fp"Debug\PushStreamTool.pch" /Fo"Debug\\" /Fd"Debug\vc110.pdb" /Gd /TP /analyze- /errorReport:prompt PushStreamTool.cpp PushStreamToolDlg.cpp
         PushStreamToolDlg.cpp
         PushStreamTool.cpp
         正在生成代码...
       ResourceCompile:
         C:\Program Files (x86)\Windows Kits\8.0\bin\x86\rc.exe /D _DEBUG /D _UNICODE /D UNICODE /D _AFXDLL /l"0x0804" /IDebug\ /nologo /fo"Debug\PushStreamTool.res" PushStreamTool.rc 
       Link:
         E:\Microsoft Visual Studio 11.0\VC\bin\link.exe /ERRORREPORT:PROMPT /OUT:"E:\C程序\PushStreamTool\Debug\PushStreamTool.exe" /INCREMENTAL /NOLOGO /MANIFEST /MANIFESTUAC:"level='asInvoker' uiAccess='false'" /manifest:embed /manifestinput:"E:\Microsoft Visual Studio 11.0\VC\Include\Manifest\dpiaware.manifest" /DEBUG /PDB:"E:\C程序\PushStreamTool\Debug\PushStreamTool.pdb" /SUBSYSTEM:WINDOWS /TLBID:1 /ENTRY:"wWinMainCRTStartup" /DYNAMICBASE /NXCOMPAT /IMPLIB:"E:\C程序\PushStreamTool\Debug\PushStreamTool.lib" /MACHINE:X86 Debug\PushStreamTool.res
         Debug\PushStreamTool.obj
         Debug\PushStreamToolDlg.obj
         Debug\stdafx.obj
         PushStreamTool.vcxproj -> E:\C程序\PushStreamTool\Debug\PushStreamTool.exe
     1>已完成生成项目“E:\C程序\PushStreamTool\PushStreamTool\PushStreamTool.vcxproj”(Build 个目标)的操作。

生成成功。

已用时间 00:00:04.77
