E:\C程序\PUSHSTREAMTOOL\PUSHSTREAMTOOL\RELEASE\PUSHSTREAMTOOLDLG.OBJ
E:\C程序\PUSHSTREAMTOOL\PUSHSTREAMTOOL\RELEASE\PUSHSTREAMTOOL.OBJ
E:\C程序\PUSHSTREAMTOOL\PUSHSTREAMTOOL\RELEASE\FFMPEGTOOL.OBJ
E:\C程序\PUSHSTREAMTOOL\PUSHSTREAMTOOL\RELEASE\PROTHREADFUN.OBJ
E:\C程序\PUSHSTREAMTOOL\PUSHSTREAMTOOL\RELEASE\LIBRTMPTOOL.OBJ
E:\C程序\PUSHSTREAMTOOL\PUSHSTREAMTOOL\RELEASE\VC110.PDB
E:\C程序\PUSHSTREAMTOOL\PUSHSTREAMTOOL\RELEASE\STDAFX.OBJ
E:\C程序\PUSHSTREAMTOOL\RELEASE\PUSHSTREAMTOOL.EXE
E:\C程序\PUSHSTREAMTOOL\RELEASE\PUSHSTREAMTOOL.PDB
E:\C程序\PUSHSTREAMTOOL\PUSHSTREAMTOOL\RELEASE\PUSHSTREAMTOOL.RES
E:\C程序\PushStreamTool\PushStreamTool\Release\FFmpegTool.obj
E:\C程序\PushStreamTool\PushStreamTool\Release\librtmpTool.obj
E:\C程序\PushStreamTool\PushStreamTool\Release\ProThreadFun.obj
E:\C程序\PushStreamTool\PushStreamTool\Release\PushStreamTool.obj
E:\C程序\PushStreamTool\PushStreamTool\Release\PushStreamToolDlg.obj
E:\C程序\PushStreamTool\PushStreamTool\Release\stdafx.obj
E:\C程序\PushStreamTool\PushStreamTool\Release\cl.command.1.tlog
E:\C程序\PushStreamTool\PushStreamTool\Release\CL.read.1.tlog
E:\C程序\PushStreamTool\PushStreamTool\Release\CL.write.1.tlog
E:\C程序\PushStreamTool\PushStreamTool\Release\link-cvtres.read.1.tlog
E:\C程序\PushStreamTool\PushStreamTool\Release\link-cvtres.write.1.tlog
E:\C程序\PushStreamTool\PushStreamTool\Release\link-mt.read.1.tlog
E:\C程序\PushStreamTool\PushStreamTool\Release\link-mt.write.1.tlog
E:\C程序\PushStreamTool\PushStreamTool\Release\link-rc.read.1.tlog
E:\C程序\PushStreamTool\PushStreamTool\Release\link-rc.write.1.tlog
E:\C程序\PushStreamTool\PushStreamTool\Release\link.command.1.tlog
E:\C程序\PushStreamTool\PushStreamTool\Release\link.read.1.tlog
E:\C程序\PushStreamTool\PushStreamTool\Release\link.write.1.tlog
E:\C程序\PushStreamTool\PushStreamTool\Release\rc.command.1.tlog
E:\C程序\PushStreamTool\PushStreamTool\Release\rc.read.1.tlog
E:\C程序\PushStreamTool\PushStreamTool\Release\rc.write.1.tlog
E:\C程序\PushStreamTool\PushStreamTool\Release\PushStreamTool.res
E:\C程序\PushStreamTool\PushStreamTool\Release\PushStreamTool.pch
E:\C程序\PushStreamTool\PushStreamTool\Release\vc110.pdb
E:\C程序\PushStreamTool\Release\PushStreamTool.pdb
E:\C程序\PushStreamTool\Release\PushStreamTool.exe
